{"name": "test_right_way", "status": "broken", "statusDetails": {"message": "selenium.common.exceptions.TimeoutException: Message:", "trace": "tests\\test_shop.py:88: in test_right_way\n    WebDriverWait(browser, timeout=10, poll_frequency=1).until(\n        browser    = <selenium.webdriver.chrome.webdriver.WebDriver (session=\"648656f817b6f369a05c600c28d70462\")>\n        cart_is_visible = 'block'\n        product    = <selenium.webdriver.remote.webelement.WebElement (session=\"648656f817b6f369a05c600c28d70462\", element=\"0f2f3a24-f20b-484d-b13c-5d2e6e2df451\")>\nenv\\Lib\\site-packages\\selenium\\webdriver\\support\\wait.py:95: in until\n    raise TimeoutException(message, screen, stacktrace)\nE   selenium.common.exceptions.TimeoutException: Message:\n        end_time   = 621608.484\n        message    = ''\n        method     = <function url_to_be.<locals>._predicate at 0x0000015D185CBF60>\n        screen     = None\n        self       = <selenium.webdriver.support.wait.WebDriverWait (session=\"648656f817b6f369a05c600c28d70462\")>\n        stacktrace = None\n        value      = False"}, "description": "\n    Test case TC-4\n    ", "start": 1678715287666, "stop": 1678715302908, "uuid": "52cc9266-21fe-4216-97f9-129b32a5365a", "historyId": "832350b147fac251f172289a626c5cba", "testCaseId": "7b8323124234f69a8fde1e3de50f452e", "fullName": "tests.test_shop#test_right_way", "labels": [{"name": "parentSuite", "value": "tests"}, {"name": "suite", "value": "test_shop"}, {"name": "host", "value": "DESKTOP-Q8DJUUR"}, {"name": "thread", "value": "9480-MainThread"}, {"name": "framework", "value": "pytest"}, {"name": "language", "value": "cpython3"}, {"name": "package", "value": "tests.test_shop"}]}