{"name": "test_right_way", "status": "skipped", "statusDetails": {"message": "XFAIL Wait for fix bug\n\nselenium.common.exceptions.TimeoutException: Message:", "trace": "tests\\test_shop.py:88: in test_right_way\n    WebDriverWait(browser, timeout=10, poll_frequency=1).until(\n        browser    = <selenium.webdriver.chrome.webdriver.WebDriver (session=\"937d6965101266186e1279774e06d434\")>\n        cart_is_visible = 'block'\n        product    = <selenium.webdriver.remote.webelement.WebElement (session=\"937d6965101266186e1279774e06d434\", element=\"afb87b8b-0bab-4fdf-80ab-052d8c54d4cd\")>\nenv\\Lib\\site-packages\\selenium\\webdriver\\support\\wait.py:95: in until\n    raise TimeoutException(message, screen, stacktrace)\nE   selenium.common.exceptions.TimeoutException: Message:\n        end_time   = 623288.546\n        message    = ''\n        method     = <function url_to_be.<locals>._predicate at 0x000002077CC4BF60>\n        screen     = None\n        self       = <selenium.webdriver.support.wait.WebDriverWait (session=\"937d6965101266186e1279774e06d434\")>\n        stacktrace = None\n        value      = False"}, "description": "\n    Test case TC-4\n    ", "start": 1678716967717, "stop": 1678716982963, "uuid": "e39544cb-eeda-48f5-8b99-96e0fed93ac9", "historyId": "832350b147fac251f172289a626c5cba", "testCaseId": "7b8323124234f69a8fde1e3de50f452e", "fullName": "tests.test_shop#test_right_way", "labels": [{"name": "tag", "value": "@pytest.mark.xfail(reason='Wait for fix bug')"}, {"name": "parentSuite", "value": "tests"}, {"name": "suite", "value": "test_shop"}, {"name": "host", "value": "DESKTOP-Q8DJUUR"}, {"name": "thread", "value": "5892-MainThread"}, {"name": "framework", "value": "pytest"}, {"name": "language", "value": "cpython3"}, {"name": "package", "value": "tests.test_shop"}]}