{"name": "test_products_group", "status": "skipped", "statusDetails": {"message": "XFAIL Wait for fix bug\n\nselenium.common.exceptions.ElementClickInterceptedException: Message: element click intercepted: Element <a href=\"https://test.qa.studio?products_group=sale\" class=\"tab-sale \">...</a> is not clickable at point (900, 748). Other element would receive the click: <div class=\"catalog-toolbar-tabs__content\">...</div>\n  (Session info: chrome=110.0.5481.180)\nStacktrace:\nBacktrace:\n\t(No symbol) [0x007637D3]\n\t(No symbol) [0x006F8B81]\n\t(No symbol) [0x005FB36D]\n\t(No symbol) [0x00634E3B]\n\t(No symbol) [0x006326DB]\n\t(No symbol) [0x0062FD0B]\n\t(No symbol) [0x0062E4D8]\n\t(No symbol) [0x00623253]\n\t(No symbol) [0x0064B41C]\n\t(No symbol) [0x00622B96]\n\t(No symbol) [0x0064B774]\n\t(No symbol) [0x00661215]\n\t(No symbol) [0x0064B216]\n\t(No symbol) [0x00620D97]\n\t(No symbol) [0x0062253D]\n\tGetHandleVerifier [0x009DABF2+2510930]\n\tGetHandleVerifier [0x00A08EC1+2700065]\n\tGetHandleVerifier [0x00A0C86C+2714828]\n\tGetHandleVerifier [0x00813480+645344]\n\t(No symbol) [0x00700FD2]\n\t(No symbol) [0x00706C68]\n\t(No symbol) [0x00706D4B]\n\t(No symbol) [0x00710D6B]\n\tBaseThreadInitThunk [0x775C00F9+25]\n\tRtlGetAppContainerNamedObjectPath [0x77947BBE+286]\n\tRtlGetAppContainerNamedObjectPath [0x77947B8E+238]", "trace": "tests\\test_shop.py:46: in test_products_group\n    element.click()\n        browser    = <selenium.webdriver.chrome.webdriver.WebDriver (session=\"99bdab286359ab6465b0c078ecf41677\")>\n        element    = <selenium.webdriver.remote.webelement.WebElement (session=\"99bdab286359ab6465b0c078ecf41677\", element=\"ceff09d4-72d1-4727-bf0f-c1efe82f8e81\")>\n        elements   = [<selenium.webdriver.remote.webelement.WebElement (session=\"99bdab286359ab6465b0c078ecf41677\", element=\"aa147dcd-f7e0-...te.webelement.WebElement (session=\"99bdab286359ab6465b0c078ecf41677\", element=\"7e09544e-7e7d-49cf-9eb5-2d0606524f41\")>]\n        expected_menu = [('Все', '', \"[class='tab-all active']\"), ('Бестселлеры', '/?products_group=best_sellers', \"[class='tab-best_sellers '... '/?products_group=new', \"[class='tab-new ']\"), ('Распродажа товаров', '/?products_group=sale', \"[class='tab-sale ']\")]\n        item       = ('Распродажа товаров', '/?products_group=sale', \"[class='tab-sale ']\")\n        menu_element = \"[class='catalog-toolbar-tabs__content'] a\"\nenv\\Lib\\site-packages\\selenium\\webdriver\\remote\\webelement.py:93: in click\n    self._execute(Command.CLICK_ELEMENT)\n        self       = <selenium.webdriver.remote.webelement.WebElement (session=\"99bdab286359ab6465b0c078ecf41677\", element=\"ceff09d4-72d1-4727-bf0f-c1efe82f8e81\")>\nenv\\Lib\\site-packages\\selenium\\webdriver\\remote\\webelement.py:403: in _execute\n    return self._parent.execute(command, params)\n        command    = 'clickElement'\n        params     = {'id': 'ceff09d4-72d1-4727-bf0f-c1efe82f8e81'}\n        self       = <selenium.webdriver.remote.webelement.WebElement (session=\"99bdab286359ab6465b0c078ecf41677\", element=\"ceff09d4-72d1-4727-bf0f-c1efe82f8e81\")>\nenv\\Lib\\site-packages\\selenium\\webdriver\\remote\\webdriver.py:440: in execute\n    self.error_handler.check_response(response)\n        driver_command = 'clickElement'\n        params     = {'id': 'ceff09d4-72d1-4727-bf0f-c1efe82f8e81'}\n        response   = {'status': 400, 'value': '{\"value\":{\"error\":\"element click intercepted\",\"message\":\"element click intercepted: Element ...\\n\\\\tRtlGetAppContainerNamedObjectPath [0x77947BBE+286]\\\\n\\\\tRtlGetAppContainerNamedObjectPath [0x77947B8E+238]\\\\n\"}}'}\n        self       = <selenium.webdriver.chrome.webdriver.WebDriver (session=\"99bdab286359ab6465b0c078ecf41677\")>\nenv\\Lib\\site-packages\\selenium\\webdriver\\remote\\errorhandler.py:245: in check_response\n    raise exception_class(message, screen, stacktrace)\nE   selenium.common.exceptions.ElementClickInterceptedException: Message: element click intercepted: Element <a href=\"https://test.qa.studio?products_group=sale\" class=\"tab-sale \">...</a> is not clickable at point (900, 748). Other element would receive the click: <div class=\"catalog-toolbar-tabs__content\">...</div>\nE     (Session info: chrome=110.0.5481.180)\nE   Stacktrace:\nE   Backtrace:\nE   \t(No symbol) [0x007637D3]\nE   \t(No symbol) [0x006F8B81]\nE   \t(No symbol) [0x005FB36D]\nE   \t(No symbol) [0x00634E3B]\nE   \t(No symbol) [0x006326DB]\nE   \t(No symbol) [0x0062FD0B]\nE   \t(No symbol) [0x0062E4D8]\nE   \t(No symbol) [0x00623253]\nE   \t(No symbol) [0x0064B41C]\nE   \t(No symbol) [0x00622B96]\nE   \t(No symbol) [0x0064B774]\nE   \t(No symbol) [0x00661215]\nE   \t(No symbol) [0x0064B216]\nE   \t(No symbol) [0x00620D97]\nE   \t(No symbol) [0x0062253D]\nE   \tGetHandleVerifier [0x009DABF2+2510930]\nE   \tGetHandleVerifier [0x00A08EC1+2700065]\nE   \tGetHandleVerifier [0x00A0C86C+2714828]\nE   \tGetHandleVerifier [0x00813480+645344]\nE   \t(No symbol) [0x00700FD2]\nE   \t(No symbol) [0x00706C68]\nE   \t(No symbol) [0x00706D4B]\nE   \t(No symbol) [0x00710D6B]\nE   \tBaseThreadInitThunk [0x775C00F9+25]\nE   \tRtlGetAppContainerNamedObjectPath [0x77947BBE+286]\nE   \tRtlGetAppContainerNamedObjectPath [0x77947B8E+238]\n        exception_class = <class 'selenium.common.exceptions.ElementClickInterceptedException'>\n        json       = <module 'json' from 'C:\\\\Users\\\\ostri\\\\AppData\\\\Local\\\\Programs\\\\Python\\\\Python311\\\\Lib\\\\json\\\\__init__.py'>\n        message    = 'element click intercepted: Element <a href=\"https://test.qa.studio?products_group=sale\" class=\"tab-sale \">...</a> is ...would receive the click: <div class=\"catalog-toolbar-tabs__content\">...</div>\\n  (Session info: chrome=110.0.5481.180)'\n        response   = {'status': 400, 'value': '{\"value\":{\"error\":\"element click intercepted\",\"message\":\"element click intercepted: Element ...\\n\\\\tRtlGetAppContainerNamedObjectPath [0x77947BBE+286]\\\\n\\\\tRtlGetAppContainerNamedObjectPath [0x77947B8E+238]\\\\n\"}}'}\n        screen     = None\n        self       = <selenium.webdriver.remote.errorhandler.ErrorHandler object at 0x000001D7B8AD6D90>\n        st_value   = 'Backtrace:\\n\\t(No symbol) [0x007637D3]\\n\\t(No symbol) [0x006F8B81]\\n\\t(No symbol) [0x005FB36D]\\n\\t(No symbol) [0x0063...00F9+25]\\n\\tRtlGetAppContainerNamedObjectPath [0x77947BBE+286]\\n\\tRtlGetAppContainerNamedObjectPath [0x77947B8E+238]\\n'\n        stacktrace = ['Backtrace:', '\\t(No symbol) [0x007637D3]', '\\t(No symbol) [0x006F8B81]', '\\t(No symbol) [0x005FB36D]', '\\t(No symbol) [0x00634E3B]', '\\t(No symbol) [0x006326DB]', ...]\n        status     = 'element click intercepted'\n        value      = {'error': 'element click intercepted', 'message': 'element click intercepted: Element <a href=\"https://test.qa.studio?...0F9+25]\\n\\tRtlGetAppContainerNamedObjectPath [0x77947BBE+286]\\n\\tRtlGetAppContainerNamedObjectPath [0x77947B8E+238]\\n'}\n        value_json = '{\"value\":{\"error\":\"element click intercepted\",\"message\":\"element click intercepted: Element \\\\u003Ca href=\\\\\"https://...\\\\n\\\\tRtlGetAppContainerNamedObjectPath [0x77947BBE+286]\\\\n\\\\tRtlGetAppContainerNamedObjectPath [0x77947B8E+238]\\\\n\"}}'"}, "description": "\n    Test case TC-2\n    ", "start": 1678717025651, "stop": 1678717029301, "uuid": "6c94716f-1145-4524-bb61-772977a727cb", "historyId": "09ac6b905e7ac66417c95d86a058a7ca", "testCaseId": "4fdd6adba16e950b161eae73ef4ccb14", "fullName": "tests.test_shop#test_products_group", "labels": [{"name": "tag", "value": "@pytest.mark.xfail(reason='Wait for fix bug')"}, {"name": "parentSuite", "value": "tests"}, {"name": "suite", "value": "test_shop"}, {"name": "host", "value": "DESKTOP-Q8DJUUR"}, {"name": "thread", "value": "980-MainThread"}, {"name": "framework", "value": "pytest"}, {"name": "language", "value": "cpython3"}, {"name": "package", "value": "tests.test_shop"}]}