{"name": "test_right_way", "status": "broken", "statusDetails": {"message": "selenium.common.exceptions.TimeoutException: Message:", "trace": "tests\\test_shop.py:88: in test_right_way\n    WebDriverWait(browser, timeout=10, poll_frequency=1).until(\n        browser    = <selenium.webdriver.chrome.webdriver.WebDriver (session=\"51f6dd5e1289a888cea3acdaa4a6fefd\")>\n        cart_is_visible = 'block'\n        product    = <selenium.webdriver.remote.webelement.WebElement (session=\"51f6dd5e1289a888cea3acdaa4a6fefd\", element=\"13947bcc-8388-434e-bf79-71d6edc825a9\")>\nenv\\Lib\\site-packages\\selenium\\webdriver\\support\\wait.py:95: in until\n    raise TimeoutException(message, screen, stacktrace)\nE   selenium.common.exceptions.TimeoutException: Message:\n        end_time   = 621563.64\n        message    = ''\n        method     = <function url_to_be.<locals>._predicate at 0x0000027AC3D22D40>\n        screen     = None\n        self       = <selenium.webdriver.support.wait.WebDriverWait (session=\"51f6dd5e1289a888cea3acdaa4a6fefd\")>\n        stacktrace = None\n        value      = False"}, "description": "\n    Test case TC-4\n    ", "start": 1678715242371, "stop": 1678715258062, "uuid": "2ad93dbd-cf21-4934-b9ff-cb4b4e6e6334", "historyId": "832350b147fac251f172289a626c5cba", "testCaseId": "7b8323124234f69a8fde1e3de50f452e", "fullName": "tests.test_shop#test_right_way", "labels": [{"name": "parentSuite", "value": "tests"}, {"name": "suite", "value": "test_shop"}, {"name": "host", "value": "DESKTOP-Q8DJUUR"}, {"name": "thread", "value": "10848-MainThread"}, {"name": "framework", "value": "pytest"}, {"name": "language", "value": "cpython3"}, {"name": "package", "value": "tests.test_shop"}]}